2023-08-17 22:19:25,587  INFO [main] ebanking:15 - URL IS OPENED
 2023-08-17 22:19:25,957  INFO [main] ebanking:18 - ENTERED USERNAME
 2023-08-17 22:19:26,081  INFO [main] ebanking:20 - ENTERED PASSWORD
 2023-08-17 22:19:28,227  INFO [main] ebanking:22 - CLICKED ON LOGIN BUTTON
 2023-08-17 22:20:39,287  INFO [main] ebanking:15 - URL IS OPENED
 2023-08-17 22:20:39,564  INFO [main] ebanking:18 - ENTERED USERNAME
 2023-08-17 22:20:39,624  INFO [main] ebanking:20 - ENTERED PASSWORD
 2023-08-17 22:20:41,421  INFO [main] ebanking:22 - CLICKED ON LOGIN BUTTON
 2023-08-17 22:21:16,443  INFO [main] ebanking:15 - URL IS OPENED
 2023-08-17 22:21:16,580  INFO [main] ebanking:18 - ENTERED USERNAME
 2023-08-17 22:21:16,653  INFO [main] ebanking:20 - ENTERED PASSWORD
 2023-08-17 22:21:18,018  INFO [main] ebanking:22 - CLICKED ON LOGIN BUTTON
 2023-08-17 22:21:18,036  INFO [main] ebanking:28 - TestCase is passed
 2023-08-17 22:35:20,628  INFO [main] ebanking:15 - URL IS OPENED
 2023-08-17 22:35:20,762  INFO [main] ebanking:18 - ENTERED USERNAME
 2023-08-17 22:35:20,812  INFO [main] ebanking:20 - ENTERED PASSWORD
 2023-08-17 22:35:22,019  INFO [main] ebanking:22 - CLICKED ON LOGIN BUTTON
 2023-08-17 22:35:22,033  INFO [main] ebanking:28 - TestCase is passed
 2023-08-17 22:40:01,961  INFO [main] ebanking:15 - URL IS OPENED
 2023-08-17 22:40:02,084  INFO [main] ebanking:18 - ENTERED USERNAME
 2023-08-17 22:40:02,149  INFO [main] ebanking:20 - ENTERED PASSWORD
 2023-08-17 22:40:03,900  INFO [main] ebanking:22 - CLICKED ON LOGIN BUTTON
 2023-08-17 22:40:03,912  INFO [main] ebanking:28 - TestCase is passed
 2023-08-17 22:44:50,949  INFO [main] ebanking:15 - URL IS OPENED
 2023-08-17 22:44:51,115  INFO [main] ebanking:18 - ENTERED USERNAME
 2023-08-17 22:44:51,170  INFO [main] ebanking:20 - ENTERED PASSWORD
 2023-08-17 22:44:53,341  INFO [main] ebanking:22 - CLICKED ON LOGIN BUTTON
 2023-08-17 22:44:53,359  INFO [main] ebanking:28 - TestCase is passed
 2023-08-17 23:03:28,139  INFO [main] ebanking:15 - URL IS OPENED
 2023-08-17 23:03:28,354  INFO [main] ebanking:18 - ENTERED USERNAME
 2023-08-17 23:03:28,417  INFO [main] ebanking:20 - ENTERED PASSWORD
 2023-08-17 23:03:30,354  INFO [main] ebanking:22 - CLICKED ON LOGIN BUTTON
 2023-08-17 23:03:30,364  INFO [main] ebanking:28 - TestCase is passed
 2023-08-17 23:07:58,862  INFO [main] ebanking:15 - URL IS OPENED
 2023-08-17 23:07:59,086  INFO [main] ebanking:18 - ENTERED USERNAME
 2023-08-17 23:07:59,145  INFO [main] ebanking:20 - ENTERED PASSWORD
 2023-08-17 23:08:00,943  INFO [main] ebanking:22 - CLICKED ON LOGIN BUTTON
 2023-08-17 23:08:00,949  INFO [main] ebanking:28 - TestCase is passed
 2023-08-17 23:10:44,187  INFO [main] ebanking:15 - URL IS OPENED
 2023-08-17 23:10:44,312  INFO [main] ebanking:18 - ENTERED USERNAME
 2023-08-17 23:10:44,359  INFO [main] ebanking:20 - ENTERED PASSWORD
 2023-08-17 23:10:46,116  INFO [main] ebanking:22 - CLICKED ON LOGIN BUTTON
 2023-08-17 23:10:46,123  INFO [main] ebanking:28 - TestCase is passed
 2023-08-17 23:12:28,417  INFO [main] ebanking:15 - URL IS OPENED
 2023-08-17 23:12:28,587  INFO [main] ebanking:18 - ENTERED USERNAME
 2023-08-17 23:12:28,647  INFO [main] ebanking:20 - ENTERED PASSWORD
 2023-08-17 23:12:30,102  INFO [main] ebanking:22 - CLICKED ON LOGIN BUTTON
 2023-08-17 23:12:35,120  INFO [main] ebanking:29 - TestCase is passed
 2023-08-17 23:13:01,470  INFO [main] ebanking:15 - URL IS OPENED
 2023-08-17 23:13:01,660  INFO [main] ebanking:18 - ENTERED USERNAME
 2023-08-17 23:13:01,698  INFO [main] ebanking:20 - ENTERED PASSWORD
 2023-08-17 23:13:03,055  INFO [main] ebanking:22 - CLICKED ON LOGIN BUTTON
 2023-08-17 23:13:08,076  INFO [main] ebanking:29 - TestCase is passed
 2023-08-17 23:14:26,668  INFO [main] ebanking:15 - URL IS OPENED
 2023-08-17 23:14:26,789  INFO [main] ebanking:18 - ENTERED USERNAME
 2023-08-17 23:14:26,870  INFO [main] ebanking:20 - ENTERED PASSWORD
 2023-08-17 23:14:27,457  INFO [main] ebanking:22 - CLICKED ON LOGIN BUTTON
 2023-08-17 23:15:01,591  INFO [main] ebanking:15 - URL IS OPENED
 2023-08-17 23:15:01,747  INFO [main] ebanking:18 - ENTERED USERNAME
 2023-08-17 23:15:01,828  INFO [main] ebanking:20 - ENTERED PASSWORD
 2023-08-17 23:15:02,551  INFO [main] ebanking:22 - CLICKED ON LOGIN BUTTON
 2023-08-17 23:15:46,853  INFO [main] ebanking:15 - URL IS OPENED
 2023-08-17 23:15:47,008  INFO [main] ebanking:18 - ENTERED USERNAME
 2023-08-17 23:15:47,072  INFO [main] ebanking:20 - ENTERED PASSWORD
 2023-08-17 23:15:48,315  INFO [main] ebanking:22 - CLICKED ON LOGIN BUTTON
 2023-08-17 23:15:53,323  INFO [main] ebanking:29 - TestCase is passed
 2023-08-17 23:16:17,213  INFO [main] ebanking:15 - URL IS OPENED
 2023-08-17 23:16:17,437  INFO [main] ebanking:18 - ENTERED USERNAME
 2023-08-17 23:16:17,507  INFO [main] ebanking:20 - ENTERED PASSWORD
 2023-08-17 23:16:18,141  INFO [main] ebanking:22 - CLICKED ON LOGIN BUTTON
 2023-08-17 23:16:45,247  INFO [main] ebanking:15 - URL IS OPENED
 2023-08-17 23:16:45,420  INFO [main] ebanking:18 - ENTERED USERNAME
 2023-08-17 23:16:45,512  INFO [main] ebanking:20 - ENTERED PASSWORD
 2023-08-17 23:16:46,825  INFO [main] ebanking:22 - CLICKED ON LOGIN BUTTON
 2023-08-17 23:16:51,846  INFO [main] ebanking:29 - TestCase is passed
 2023-08-18 11:44:36,090  INFO [main] ebanking:15 - URL IS OPENED
 2023-08-18 11:44:36,506  INFO [main] ebanking:18 - ENTERED USERNAME
 2023-08-18 11:44:36,559  INFO [main] ebanking:20 - ENTERED PASSWORD
 2023-08-18 11:44:38,067  INFO [main] ebanking:22 - CLICKED ON LOGIN BUTTON
 2023-08-18 11:44:38,082  INFO [main] ebanking:29 - TestCase is passed
 2023-08-18 11:46:18,965  INFO [main] ebanking:15 - URL IS OPENED
 2023-08-18 11:46:19,089  INFO [main] ebanking:18 - ENTERED USERNAME
 2023-08-18 11:46:19,126  INFO [main] ebanking:20 - ENTERED PASSWORD
 2023-08-18 11:46:21,366  INFO [main] ebanking:22 - CLICKED ON LOGIN BUTTON
 2023-08-18 11:46:21,381  INFO [main] ebanking:29 - TestCase is passed
 2023-08-18 11:58:02,140  INFO [main] ebanking:15 - URL IS OPENED
 2023-08-18 11:58:02,304  INFO [main] ebanking:18 - ENTERED USERNAME
 2023-08-18 11:58:02,355  INFO [main] ebanking:20 - ENTERED PASSWORD
 2023-08-18 11:58:03,673  INFO [main] ebanking:22 - CLICKED ON LOGIN BUTTON
 2023-08-18 11:58:03,680  INFO [main] ebanking:29 - TestCase is passed
 2023-08-18 11:59:07,969  INFO [main] ebanking:15 - URL IS OPENED
 2023-08-18 11:59:08,072  INFO [main] ebanking:18 - ENTERED USERNAME
 2023-08-18 11:59:08,112  INFO [main] ebanking:20 - ENTERED PASSWORD
 2023-08-18 11:59:09,379  INFO [main] ebanking:22 - CLICKED ON LOGIN BUTTON
 2023-08-18 11:59:09,389  INFO [main] ebanking:29 - TestCase is passed
 2023-08-18 12:11:41,874  INFO [main] ebanking:15 - URL IS OPENED
 2023-08-18 12:11:42,110  INFO [main] ebanking:18 - ENTERED USERNAME
 2023-08-18 12:11:42,194  INFO [main] ebanking:20 - ENTERED PASSWORD
 2023-08-18 12:11:43,621  INFO [main] ebanking:22 - CLICKED ON LOGIN BUTTON
 2023-08-18 12:11:43,629  INFO [main] ebanking:29 - TestCase is passed
 2023-08-18 12:19:21,506  INFO [main] ebanking:15 - URL IS OPENED
 2023-08-18 12:19:21,656  INFO [main] ebanking:18 - ENTERED USERNAME
 2023-08-18 12:19:21,708  INFO [main] ebanking:20 - ENTERED PASSWORD
 2023-08-18 12:19:23,956  INFO [main] ebanking:22 - CLICKED ON LOGIN BUTTON
 2023-08-18 12:19:23,971  INFO [main] ebanking:29 - TestCase is passed
 2023-08-18 13:13:51,628  INFO [main] ebanking:15 - URL IS OPENED
 2023-08-18 13:13:51,865  INFO [main] ebanking:18 - ENTERED USERNAME
 2023-08-18 13:13:51,927  INFO [main] ebanking:20 - ENTERED PASSWORD
 2023-08-18 13:13:53,651  INFO [main] ebanking:22 - CLICKED ON LOGIN BUTTON
 2023-08-18 13:13:53,658  INFO [main] ebanking:29 - TestCase is passed
 2023-08-18 13:18:25,917  INFO [main] ebanking:15 - URL IS OPENED
 2023-08-18 13:18:26,128  INFO [main] ebanking:18 - ENTERED USERNAME
 2023-08-18 13:18:26,256  INFO [main] ebanking:20 - ENTERED PASSWORD
 2023-08-18 13:18:27,797  INFO [main] ebanking:22 - CLICKED ON LOGIN BUTTON
 2023-08-18 13:18:27,806  INFO [main] ebanking:29 - TestCase is passed
 2023-08-18 13:27:23,742  INFO [main] ebanking:15 - URL IS OPENED
 2023-08-18 13:27:23,910  INFO [main] ebanking:18 - ENTERED USERNAME
 2023-08-18 13:27:23,967  INFO [main] ebanking:20 - ENTERED PASSWORD
 2023-08-18 13:27:25,264  INFO [main] ebanking:22 - CLICKED ON LOGIN BUTTON
 2023-08-18 13:27:25,280  INFO [main] ebanking:29 - TestCase is passed
 2023-08-18 13:29:26,503  INFO [main] ebanking:15 - URL IS OPENED
 2023-08-18 13:29:26,650  INFO [main] ebanking:18 - ENTERED USERNAME
 2023-08-18 13:29:26,694  INFO [main] ebanking:20 - ENTERED PASSWORD
 2023-08-18 13:29:28,237  INFO [main] ebanking:22 - CLICKED ON LOGIN BUTTON
 2023-08-18 13:29:28,245  INFO [main] ebanking:29 - TestCase is passed
 